<?xml version="1.0" encoding="utf-8"?><testsuites name="pytest tests"><testsuite name="pytest" errors="0" failures="1" skipped="0" tests="45" time="26.207" timestamp="2026-09-03T04:10:59.785998+00:00" hostname="agent-env-109cef53-fbae-4142-b878-f95e79b08032"><testcase classname="tests.backend_test.TestAuth" name="test_register_me_logout" time="1.085" /><testcase classname="tests.backend_test.TestEnrollmentSecurity" name="test_resume_required" time="0.959" /><testcase classname="tests.backend_test.TestAuth" name="test_login_sets_httponly_secure_cookies" time="0.509" /><testcase classname="tests.backend_test.TestAuth" name="test_login_invalid_credentials" time="0.211" /><testcase classname="tests.backend_test.TestEnrollmentSecurity" name="test_terms_required" time="1.196" /><testcase classname="tests.backend_test.TestAuth" name="test_duplicate_registration_rejected" time="0.869" /><testcase classname="tests.backend_test.TestAuth" name="test_weak_password_rejected" time="0.161" /><testcase classname="tests.backend_test.TestEnrollmentSecurity" name="test_invalid_resume_filetype_rejected" time="0.591" /><testcase classname="tests.backend_test.TestAuth" name="test_password_mismatch_rejected" time="0.254" /><testcase classname="tests.backend_test.TestAuth" name="test_brute_force_lockout_after_5_failures" time="3.141"><failure message="AssertionError: no lockout observed, codes=[401, 401, 401, 401, 401, 401]&#10;assert 429 in [401, 401, 401, 401, 401, 401]">E   AssertionError: no lockout observed, codes=[401, 401, 401, 401, 401, 401]
    assert 429 in [401, 401, 401, 401, 401, 401]</failure></testcase><testcase classname="tests.backend_test.TestEnrollmentSecurity" name="test_workspace_locked_before_payment" time="1.214" /><testcase classname="tests.backend_test.TestEnrollmentSecurity" name="test_price_is_server_controlled" time="1.426" /><testcase classname="tests.backend_test.TestEnrollmentSecurity" name="test_workspace_unlocks_after_sandbox_payment" time="1.560" /><testcase classname="tests.backend_test.TestAuth" name="test_forgot_password_no_enumeration" time="0.140" /><testcase classname="tests.backend_test.TestAuth" name="test_me_requires_auth" time="0.229" /><testcase classname="tests.backend_test.TestHealthAndCatalog" name="test_health" time="0.128" /><testcase classname="tests.backend_test.TestHealthAndCatalog" name="test_projects_list_and_shape" time="0.255" /><testcase classname="tests.backend_test.TestEnrollmentSecurity" name="test_cross_student_workspace_denied" time="1.820" /><testcase classname="tests.backend_test.TestHealthAndCatalog" name="test_projects_search_filter" time="0.345" /><testcase classname="tests.backend_test.TestHealthAndCatalog" name="test_categories" time="0.118" /><testcase classname="tests.backend_test.TestHealthAndCatalog" name="test_project_detail_by_slug" time="0.139" /><testcase classname="tests.backend_test.TestHealthAndCatalog" name="test_project_detail_404" time="0.107" /><testcase classname="tests.backend_test.TestWorkspace" name="test_task_progress_updates_percent" time="1.749" /><testcase classname="tests.backend_test.TestEnrollmentSecurity" name="test_cross_student_resume_download_denied" time="2.190" /><testcase classname="tests.backend_test.TestWorkspace" name="test_task_progress_cross_student_denied" time="2.150" /><testcase classname="tests.backend_test.TestEnrollmentSecurity" name="test_duplicate_paid_enrollment_rejected" time="1.462" /><testcase classname="tests.backend_test.TestWorkspace" name="test_invalid_github_url_rejected" time="1.273" /><testcase classname="tests.backend_test.TestEnrollmentSecurity" name="test_payment_verify_idempotent" time="1.573" /><testcase classname="tests.backend_test.TestWorkspace" name="test_ask_question_and_admin_answer" time="1.976" /><testcase classname="tests.backend_test.TestReviewCertificateFlow" name="test_no_certificate_before_approval" time="0.953" /><testcase classname="tests.backend_test.TestWorkspace" name="test_notifications_after_activation" time="1.691" /><testcase classname="tests.backend_test.TestReviewCertificateFlow" name="test_full_flow_approve_certificate_verify_revoke" time="4.166" /><testcase classname="tests.backend_test.TestWorkspace" name="test_student_dashboard" time="1.543" /><testcase classname="tests.backend_test.TestAdminProjectsAndVersioning" name="test_create_publish_and_catalog_visibility" time="0.786" /><testcase classname="tests.backend_test.TestAdminProjectsAndVersioning" name="test_version_isolation_for_active_enrollments" time="2.046" /><testcase classname="tests.backend_test.TestReviewCertificateFlow" name="test_verify_unknown_id" time="0.143" /><testcase classname="tests.backend_test.TestReviewCertificateFlow" name="test_request_changes_requires_feedback_and_allows_resubmit" time="1.644" /><testcase classname="tests.backend_test.TestReviewCertificateFlow" name="test_evidence_generated_and_public_toggle" time="3.580" /><testcase classname="tests.backend_test.TestAdminProjectsAndVersioning" name="test_admin_lists_and_audit" time="1.119" /><testcase classname="tests.backend_test.TestAdminProjectsAndVersioning" name="test_admin_can_view_student_resume" time="1.229" /><testcase classname="tests.backend_test.TestAdminProjectsAndVersioning" name="test_admin_enrollment_detail_and_extend" time="1.290" /><testcase classname="tests.backend_test.TestRBAC" name="test_student_forbidden_on_admin_dashboard" time="0.499" /><testcase classname="tests.backend_test.TestRBAC" name="test_anonymous_unauthorized_on_admin" time="0.117" /><testcase classname="tests.backend_test.TestRBAC" name="test_admin_dashboard_ok" time="0.063" /><testcase classname="tests.backend_test.TestRBAC" name="test_student_forbidden_creating_project" time="0.503" /></testsuite></testsuites>